This is pdfTeX, Version 3.141592653-2.6-1.40.22 (TeX Live 2021) (preloaded format=pdflatex 2021.10.22)  29 MAY 2024 17:15
entering extended mode
 restricted \write18 enabled.
 file:line:error style messages enabled.
 %&-line parsing enabled.
**draft.tex
(./draft.tex
LaTeX2e <2020-10-01> patch level 4
L3 programming layer <2021-02-18>
(/usr/local/texlive/2021/texmf-dist/tex/latex/elsarticle/elsarticle.cls
Document Class: elsarticle 2020/11/20, 3.3: Elsevier Ltd
(/usr/local/texlive/2021/texmf-dist/tex/latex/l3kernel/expl3.sty
Package: expl3 2021-02-18 L3 programming layer (loader) 

(/usr/local/texlive/2021/texmf-dist/tex/latex/l3backend/l3backend-pdftex.def
File: l3backend-pdftex.def 2021-03-18 L3 backend support: PDF output (pdfTeX)
\l__color_backend_stack_int=\count179
\l__pdf_internal_box=\box47
))
(/usr/local/texlive/2021/texmf-dist/tex/latex/l3packages/xparse/xparse.sty
(/usr/local/texlive/2021/texmf-dist/tex/latex/l3packages/xparse/xparse-2020-10-
01.sty
(/usr/local/texlive/2021/texmf-dist/tex/latex/l3packages/xparse/xparse-generic.
tex))) (/usr/local/texlive/2021/texmf-dist/tex/latex/etoolbox/etoolbox.sty
Package: etoolbox 2020/10/05 v2.5k e-TeX tools for LaTeX (JAW)
\etb@tempcnta=\count180
)
\@bls=\dimen138

(/usr/local/texlive/2021/texmf-dist/tex/latex/base/article.cls
Document Class: article 2020/04/10 v1.4m Standard LaTeX document class
(/usr/local/texlive/2021/texmf-dist/tex/latex/base/size12.clo
File: size12.clo 2020/04/10 v1.4m Standard LaTeX file (size option)
)
\c@part=\count181
\c@section=\count182
\c@subsection=\count183
\c@subsubsection=\count184
\c@paragraph=\count185
\c@subparagraph=\count186
\c@figure=\count187
\c@table=\count188
\abovecaptionskip=\skip47
\belowcaptionskip=\skip48
\bibindent=\dimen139
)
(/usr/local/texlive/2021/texmf-dist/tex/latex/graphics/graphicx.sty
Package: graphicx 2020/09/09 v1.2b Enhanced LaTeX Graphics (DPC,SPQR)

(/usr/local/texlive/2021/texmf-dist/tex/latex/graphics/keyval.sty
Package: keyval 2014/10/28 v1.15 key=value parser (DPC)
\KV@toks@=\toks15
)
(/usr/local/texlive/2021/texmf-dist/tex/latex/graphics/graphics.sty
Package: graphics 2020/08/30 v1.4c Standard LaTeX Graphics (DPC,SPQR)

(/usr/local/texlive/2021/texmf-dist/tex/latex/graphics/trig.sty
Package: trig 2016/01/03 v1.10 sin cos tan (DPC)
)
(/usr/local/texlive/2021/texmf-dist/tex/latex/graphics-cfg/graphics.cfg
File: graphics.cfg 2016/06/04 v1.11 sample graphics configuration
)
Package graphics Info: Driver file: pdftex.def on input line 105.

(/usr/local/texlive/2021/texmf-dist/tex/latex/graphics-def/pdftex.def
File: pdftex.def 2020/10/05 v1.2a Graphics/color driver for pdftex
))
\Gin@req@height=\dimen140
\Gin@req@width=\dimen141
)
\c@tnote=\count189
\c@fnote=\count190
\c@cnote=\count191
\c@ead=\count192
\c@author=\count193
\@eadauthor=\toks16
\c@affn=\count194
\absbox=\box48
\elsarticlehighlightsbox=\box49
\elsarticlegrabsbox=\box50
\keybox=\box51
\Columnwidth=\dimen142
\space@left=\dimen143
\els@boxa=\box52
\els@boxb=\box53
\leftMargin=\dimen144
\@enLab=\toks17
\@sep=\skip49
\@@sep=\skip50

(./draft.spl) (/usr/local/texlive/2021/texmf-dist/tex/latex/natbib/natbib.sty
Package: natbib 2010/09/13 8.31b (PWD, AO)
\bibhang=\skip51
\bibsep=\skip52
LaTeX Info: Redefining \cite on input line 694.
\c@NAT@ctr=\count195
)
\splwrite=\write3
\openout3 = `draft.spl'.

\appnamewidth=\dimen145
) (/usr/local/texlive/2021/texmf-dist/tex/latex/hyperref/hyperref.sty
Package: hyperref 2021-02-27 v7.00k Hypertext links for LaTeX

(/usr/local/texlive/2021/texmf-dist/tex/generic/ltxcmds/ltxcmds.sty
Package: ltxcmds 2020-05-10 v1.25 LaTeX kernel commands for general use (HO)
)
(/usr/local/texlive/2021/texmf-dist/tex/generic/iftex/iftex.sty
Package: iftex 2020/03/06 v1.0d TeX engine tests
)
(/usr/local/texlive/2021/texmf-dist/tex/generic/pdftexcmds/pdftexcmds.sty
Package: pdftexcmds 2020-06-27 v0.33 Utility functions of pdfTeX for LuaTeX (HO
)

(/usr/local/texlive/2021/texmf-dist/tex/generic/infwarerr/infwarerr.sty
Package: infwarerr 2019/12/03 v1.5 Providing info/warning/error messages (HO)
)
Package pdftexcmds Info: \pdf@primitive is available.
Package pdftexcmds Info: \pdf@ifprimitive is available.
Package pdftexcmds Info: \pdfdraftmode found.
)
(/usr/local/texlive/2021/texmf-dist/tex/generic/kvsetkeys/kvsetkeys.sty
Package: kvsetkeys 2019/12/15 v1.18 Key value parser (HO)
)
(/usr/local/texlive/2021/texmf-dist/tex/generic/kvdefinekeys/kvdefinekeys.sty
Package: kvdefinekeys 2019-12-19 v1.6 Define keys (HO)
)
(/usr/local/texlive/2021/texmf-dist/tex/generic/pdfescape/pdfescape.sty
Package: pdfescape 2019/12/09 v1.15 Implements pdfTeX's escape features (HO)
)
(/usr/local/texlive/2021/texmf-dist/tex/latex/hycolor/hycolor.sty
Package: hycolor 2020-01-27 v1.10 Color options for hyperref/bookmark (HO)
)
(/usr/local/texlive/2021/texmf-dist/tex/latex/letltxmacro/letltxmacro.sty
Package: letltxmacro 2019/12/03 v1.6 Let assignment for LaTeX macros (HO)
)
(/usr/local/texlive/2021/texmf-dist/tex/latex/auxhook/auxhook.sty
Package: auxhook 2019-12-17 v1.6 Hooks for auxiliary files (HO)
)
(/usr/local/texlive/2021/texmf-dist/tex/latex/kvoptions/kvoptions.sty
Package: kvoptions 2020-10-07 v3.14 Key value format for package options (HO)
)
\@linkdim=\dimen146
\Hy@linkcounter=\count196
\Hy@pagecounter=\count197

(/usr/local/texlive/2021/texmf-dist/tex/latex/hyperref/pd1enc.def
File: pd1enc.def 2021-02-27 v7.00k Hyperref: PDFDocEncoding definition (HO)
Now handling font encoding PD1 ...
... no UTF-8 mapping file for font encoding PD1
)
(/usr/local/texlive/2021/texmf-dist/tex/latex/hyperref/hyperref-langpatches.def
File: hyperref-langpatches.def 2021-02-27 v7.00k Hyperref: patches for babel la
nguages
) (/usr/local/texlive/2021/texmf-dist/tex/generic/intcalc/intcalc.sty
Package: intcalc 2019/12/15 v1.3 Expandable calculations with integers (HO)
)
(/usr/local/texlive/2021/texmf-dist/tex/generic/etexcmds/etexcmds.sty
Package: etexcmds 2019/12/15 v1.7 Avoid name clashes with e-TeX commands (HO)
)
\Hy@SavedSpaceFactor=\count198

(/usr/local/texlive/2021/texmf-dist/tex/latex/hyperref/puenc.def
File: puenc.def 2021-02-27 v7.00k Hyperref: PDF Unicode definition (HO)
Now handling font encoding PU ...
... no UTF-8 mapping file for font encoding PU
)
Package hyperref Info: Option `colorlinks' set `true' on input line 4073.
Package hyperref Info: Hyper figures OFF on input line 4192.
Package hyperref Info: Link nesting OFF on input line 4197.
Package hyperref Info: Hyper index ON on input line 4200.
Package hyperref Info: Plain pages OFF on input line 4207.
Package hyperref Info: Backreferencing OFF on input line 4212.
Package hyperref Info: Implicit mode ON; LaTeX internals redefined.
Package hyperref Info: Bookmarks ON on input line 4445.
\c@Hy@tempcnt=\count199

(/usr/local/texlive/2021/texmf-dist/tex/latex/url/url.sty
\Urlmuskip=\muskip16
Package: url 2013/09/16  ver 3.4  Verb mode for urls, etc.
)
LaTeX Info: Redefining \url on input line 4804.
\XeTeXLinkMargin=\dimen147

(/usr/local/texlive/2021/texmf-dist/tex/generic/bitset/bitset.sty
Package: bitset 2019/12/09 v1.3 Handle bit-vector datatype (HO)

(/usr/local/texlive/2021/texmf-dist/tex/generic/bigintcalc/bigintcalc.sty
Package: bigintcalc 2019/12/15 v1.5 Expandable calculations on big integers (HO
)
))
\Fld@menulength=\count266
\Field@Width=\dimen148
\Fld@charsize=\dimen149
Package hyperref Info: Hyper figures OFF on input line 6075.
Package hyperref Info: Link nesting OFF on input line 6080.
Package hyperref Info: Hyper index ON on input line 6083.
Package hyperref Info: backreferencing OFF on input line 6090.
Package hyperref Info: Link coloring ON on input line 6093.
Package hyperref Info: Link coloring with OCG OFF on input line 6100.
Package hyperref Info: PDF/A mode OFF on input line 6105.
LaTeX Info: Redefining \ref on input line 6145.
LaTeX Info: Redefining \pageref on input line 6149.

(/usr/local/texlive/2021/texmf-dist/tex/latex/base/atbegshi-ltx.sty
Package: atbegshi-ltx 2020/08/17 v1.0a Emulation of the original atbegshi packa
ge
with kernel methods
)
\Hy@abspage=\count267
\c@Item=\count268
\c@Hfootnote=\count269
)
Package hyperref Info: Driver (autodetected): hpdftex.

(/usr/local/texlive/2021/texmf-dist/tex/latex/hyperref/hpdftex.def
File: hpdftex.def 2021-02-27 v7.00k Hyperref driver for pdfTeX

(/usr/local/texlive/2021/texmf-dist/tex/latex/base/atveryend-ltx.sty
Package: atveryend-ltx 2020/08/19 v1.0a Emulation of the original atvery packag
e
with kernel methods
)
\Fld@listcount=\count270
\c@bookmark@seq@number=\count271

(/usr/local/texlive/2021/texmf-dist/tex/latex/rerunfilecheck/rerunfilecheck.sty
Package: rerunfilecheck 2019/12/05 v1.9 Rerun checks for auxiliary files (HO)

(/usr/local/texlive/2021/texmf-dist/tex/generic/uniquecounter/uniquecounter.sty
Package: uniquecounter 2019/12/15 v1.4 Provide unlimited unique counter (HO)
)
Package uniquecounter Info: New unique counter `rerunfilecheck' on input line 2
86.
)
\Hy@SectionHShift=\skip53
) (/usr/local/texlive/2021/texmf-dist/tex/latex/lineno/lineno.sty
Package: lineno 2005/11/02 line numbers on paragraphs v4.41
\linenopenalty=\count272
\output=\toks18
\linenoprevgraf=\count273
\linenumbersep=\dimen150
\linenumberwidth=\dimen151
\c@linenumber=\count274
\c@pagewiselinenumber=\count275
\c@LN@truepage=\count276
\c@internallinenumber=\count277
\c@internallinenumbers=\count278
\quotelinenumbersep=\dimen152
\bframerule=\dimen153
\bframesep=\dimen154
\bframebox=\box54
LaTeX Info: Redefining \\ on input line 3056.
)
(/usr/local/texlive/2021/texmf-dist/tex/latex/amsfonts/amssymb.sty
Package: amssymb 2013/01/14 v3.01 AMS font symbols

(/usr/local/texlive/2021/texmf-dist/tex/latex/amsfonts/amsfonts.sty
Package: amsfonts 2013/01/14 v3.01 Basic AMSFonts support
\@emptytoks=\toks19
\symAMSa=\mathgroup4
\symAMSb=\mathgroup5
LaTeX Font Info:    Redeclaring math symbol \hbar on input line 98.
LaTeX Font Info:    Overwriting math alphabet `\mathfrak' in version `bold'
(Font)                  U/euf/m/n --> U/euf/b/n on input line 106.
))
(/usr/local/texlive/2021/texmf-dist/tex/latex/amsmath/amsmath.sty
Package: amsmath 2020/09/23 v2.17i AMS math features
\@mathmargin=\skip54

For additional information on amsmath, use the `?' option.
(/usr/local/texlive/2021/texmf-dist/tex/latex/amsmath/amstext.sty
Package: amstext 2000/06/29 v2.01 AMS text

(/usr/local/texlive/2021/texmf-dist/tex/latex/amsmath/amsgen.sty
File: amsgen.sty 1999/11/30 v2.0 generic functions
\@emptytoks=\toks20
\ex@=\dimen155
))
(/usr/local/texlive/2021/texmf-dist/tex/latex/amsmath/amsbsy.sty
Package: amsbsy 1999/11/29 v1.2d Bold Symbols
\pmbraise@=\dimen156
)
(/usr/local/texlive/2021/texmf-dist/tex/latex/amsmath/amsopn.sty
Package: amsopn 2016/03/08 v2.02 operator names
)
\inf@bad=\count279
LaTeX Info: Redefining \frac on input line 234.
\uproot@=\count280
\leftroot@=\count281
LaTeX Info: Redefining \overline on input line 399.
\classnum@=\count282
\DOTSCASE@=\count283
LaTeX Info: Redefining \ldots on input line 496.
LaTeX Info: Redefining \dots on input line 499.
LaTeX Info: Redefining \cdots on input line 620.
\Mathstrutbox@=\box55
\strutbox@=\box56
\big@size=\dimen157
LaTeX Font Info:    Redeclaring font encoding OML on input line 743.
LaTeX Font Info:    Redeclaring font encoding OMS on input line 744.
\macc@depth=\count284
\c@MaxMatrixCols=\count285
\dotsspace@=\muskip17
\c@parentequation=\count286
\dspbrk@lvl=\count287
\tag@help=\toks21
\row@=\count288
\column@=\count289
\maxfields@=\count290
\andhelp@=\toks22
\eqnshift@=\dimen158
\alignsep@=\dimen159
\tagshift@=\dimen160
\tagwidth@=\dimen161
\totwidth@=\dimen162
\lineht@=\dimen163
\@envbody=\toks23
\multlinegap=\skip55
\multlinetaggap=\skip56
\mathdisplay@stack=\toks24
LaTeX Info: Redefining \[ on input line 2923.
LaTeX Info: Redefining \] on input line 2924.
)
(/usr/local/texlive/2021/texmf-dist/tex/latex/subfigure/subfigure.sty
Package: subfigure 2002/03/15 v2.1.5 subfigure package
\subfigtopskip=\skip57
\subfigcapskip=\skip58
\subfigcaptopadj=\dimen164
\subfigbottomskip=\skip59
\subfigcapmargin=\dimen165
\subfiglabelskip=\skip60
\c@subfigure=\count291
\c@lofdepth=\count292
\c@subtable=\count293
\c@lotdepth=\count294

****************************************
* Local config file subfigure.cfg used *
****************************************
(/usr/local/texlive/2021/texmf-dist/tex/latex/subfigure/subfigure.cfg)
\subfig@top=\skip61
\subfig@bottom=\skip62
)
(/usr/local/texlive/2021/texmf-dist/tex/latex/epstopdf-pkg/epstopdf.sty
Package: epstopdf 2020-01-24 v2.11 Conversion with epstopdf on the fly (HO)

(/usr/local/texlive/2021/texmf-dist/tex/latex/grfext/grfext.sty
Package: grfext 2019/12/03 v1.3 Manage graphics extensions (HO)
)
(/usr/local/texlive/2021/texmf-dist/tex/latex/epstopdf-pkg/epstopdf-base.sty
Package: epstopdf-base 2020-01-24 v2.11 Base part for package epstopdf
Package epstopdf-base Info: Redefining graphics rule for `.eps' on input line 4
85.
Package grfext Info: Graphics extension search list:
(grfext)             [.pdf,.png,.jpg,.mps,.jpeg,.jbig2,.jb2,.PDF,.PNG,.JPG,.JPE
G,.JBIG2,.JB2,.eps]
(grfext)             \AppendGraphicsExtensions on input line 504.

(/usr/local/texlive/2021/texmf-dist/tex/latex/latexconfig/epstopdf-sys.cfg
File: epstopdf-sys.cfg 2010/07/13 v1.3 Configuration of (r)epstopdf for TeX Liv
e
)))
(/usr/local/texlive/2021/texmf-dist/tex/latex/graphics/epsfig.sty
Package: epsfig 2017/06/25 v1.7b (e)psfig emulation (SPQR)
\epsfxsize=\dimen166
\epsfysize=\dimen167
)
(/usr/local/texlive/2021/texmf-dist/tex/latex/setspace/setspace.sty
Package: setspace 2011/12/19 v6.7a set line spacing
)
(/usr/local/texlive/2021/texmf-dist/tex/generic/ulem/ulem.sty
\UL@box=\box57
\UL@hyphenbox=\box58
\UL@skip=\skip63
\UL@hook=\toks25
\UL@height=\dimen168
\UL@pe=\count295
\UL@pixel=\dimen169
\ULC@box=\box59
Package: ulem 2019/11/18
\ULdepth=\dimen170
)
(/usr/local/texlive/2021/texmf-dist/tex/generic/soul/soul.sty
Package: soul 2003/11/17 v2.4 letterspacing/underlining (mf)
\SOUL@word=\toks26
\SOUL@lasttoken=\toks27
\SOUL@cmds=\toks28
\SOUL@buffer=\toks29
\SOUL@token=\toks30
\SOUL@spaceskip=\skip64
\SOUL@ttwidth=\dimen171
\SOUL@uldp=\dimen172
\SOUL@ulht=\dimen173
)
(/usr/local/texlive/2021/texmf-dist/tex/latex/graphics/color.sty
Package: color 2020/02/24 v1.2b Standard LaTeX Color (DPC)

(/usr/local/texlive/2021/texmf-dist/tex/latex/graphics-cfg/color.cfg
File: color.cfg 2016/01/02 v1.6 sample color configuration
)
Package color Info: Driver file: pdftex.def on input line 147.
)
(./draft.aux

LaTeX Warning: Label `boundary' multiply defined.


LaTeX Warning: Label `boundary' multiply defined.


LaTeX Warning: Label `boundary' multiply defined.


LaTeX Warning: Label `boundary' multiply defined.


LaTeX Warning: Label `boundary' multiply defined.


LaTeX Warning: Label `boundary' multiply defined.


LaTeX Warning: Label `boundary' multiply defined.


LaTeX Warning: Label `boundary' multiply defined.


LaTeX Warning: Label `boundary' multiply defined.


LaTeX Warning: Label `boundary' multiply defined.


LaTeX Warning: Label `boundary' multiply defined.


LaTeX Warning: Label `boundary' multiply defined.


LaTeX Warning: Label `boundary' multiply defined.


LaTeX Warning: Label `boundary' multiply defined.


LaTeX Warning: Label `boundary' multiply defined.


LaTeX Warning: Label `boundary' multiply defined.


LaTeX Warning: Label `boundary' multiply defined.


LaTeX Warning: Label `boundary' multiply defined.


LaTeX Warning: Label `boundary' multiply defined.


LaTeX Warning: Label `boundary' multiply defined.


LaTeX Warning: Label `boundary' multiply defined.

)
\openout1 = `draft.aux'.

LaTeX Font Info:    Checking defaults for OML/cmm/m/it on input line 47.
LaTeX Font Info:    ... okay on input line 47.
LaTeX Font Info:    Checking defaults for OMS/cmsy/m/n on input line 47.
LaTeX Font Info:    ... okay on input line 47.
LaTeX Font Info:    Checking defaults for OT1/cmr/m/n on input line 47.
LaTeX Font Info:    ... okay on input line 47.
LaTeX Font Info:    Checking defaults for T1/cmr/m/n on input line 47.
LaTeX Font Info:    ... okay on input line 47.
LaTeX Font Info:    Checking defaults for TS1/cmr/m/n on input line 47.
LaTeX Font Info:    ... okay on input line 47.
LaTeX Font Info:    Checking defaults for OMX/cmex/m/n on input line 47.
LaTeX Font Info:    ... okay on input line 47.
LaTeX Font Info:    Checking defaults for U/cmr/m/n on input line 47.
LaTeX Font Info:    ... okay on input line 47.
LaTeX Font Info:    Checking defaults for PD1/pdf/m/n on input line 47.
LaTeX Font Info:    ... okay on input line 47.
LaTeX Font Info:    Checking defaults for PU/pdf/m/n on input line 47.
LaTeX Font Info:    ... okay on input line 47.
 (/usr/local/texlive/2021/texmf-dist/tex/context/base/mkii/supp-pdf.mkii
[Loading MPS to PDF converter (version 2006.09.02).]
\scratchcounter=\count296
\scratchdimen=\dimen174
\scratchbox=\box60
\nofMPsegments=\count297
\nofMParguments=\count298
\everyMPshowfont=\toks31
\MPscratchCnt=\count299
\MPscratchDim=\dimen175
\MPnumerator=\count300
\makeMPintoPDFobject=\count301
\everyMPtoPDFconversion=\toks32
)
Package hyperref Info: Link coloring ON on input line 47.
 (/usr/local/texlive/2021/texmf-dist/tex/latex/hyperref/nameref.sty
Package: nameref 2021-04-02 v2.47 Cross-referencing by name of section

(/usr/local/texlive/2021/texmf-dist/tex/latex/refcount/refcount.sty
Package: refcount 2019/12/15 v3.6 Data extraction from label references (HO)
)
(/usr/local/texlive/2021/texmf-dist/tex/generic/gettitlestring/gettitlestring.s
ty
Package: gettitlestring 2019/12/15 v1.6 Cleanup title references (HO)
)
\c@section@level=\count302
)
LaTeX Info: Redefining \ref on input line 47.
LaTeX Info: Redefining \pageref on input line 47.
LaTeX Info: Redefining \nameref on input line 47.
 (./draft.out) (./draft.out)
\@outlinefile=\write4
\openout4 = `draft.out'.

LaTeX Font Info:    Trying to load font information for U+msa on input line 70.


(/usr/local/texlive/2021/texmf-dist/tex/latex/amsfonts/umsa.fd
File: umsa.fd 2013/01/14 v3.01 AMS symbols A
)
LaTeX Font Info:    Trying to load font information for U+msb on input line 70.


(/usr/local/texlive/2021/texmf-dist/tex/latex/amsfonts/umsb.fd
File: umsb.fd 2013/01/14 v3.01 AMS symbols B
)
<./figures/nearcom_wave_flow.jpg, id=8, 1171.37625pt x 878.28125pt>
File: ./figures/nearcom_wave_flow.jpg Graphic file (type jpg)
<use ./figures/nearcom_wave_flow.jpg>
Package pdftex.def Info: ./figures/nearcom_wave_flow.jpg  used on input line 79
.
(pdftex.def)             Requested size: 390.0pt x 292.4202pt.
<./figures/nearcom_hs_ERA5_55.jpg, id=9, 1505.625pt x 903.375pt>
File: ./figures/nearcom_hs_ERA5_55.jpg Graphic file (type jpg)
<use ./figures/nearcom_hs_ERA5_55.jpg>
Package pdftex.def Info: ./figures/nearcom_hs_ERA5_55.jpg  used on input line 8
7.
(pdftex.def)             Requested size: 390.0pt x 234.00354pt.
<./figures/nearcom_ele_ERA5_55.jpg, id=10, 1505.625pt x 903.375pt>
File: ./figures/nearcom_ele_ERA5_55.jpg Graphic file (type jpg)
<use ./figures/nearcom_ele_ERA5_55.jpg>
Package pdftex.def Info: ./figures/nearcom_ele_ERA5_55.jpg  used on input line 
95.
(pdftex.def)             Requested size: 390.0pt x 234.00354pt.
<./figures/nearcom_hs_ERA5_91.jpg, id=11, 1505.625pt x 903.375pt>
File: ./figures/nearcom_hs_ERA5_91.jpg Graphic file (type jpg)
<use ./figures/nearcom_hs_ERA5_91.jpg>
Package pdftex.def Info: ./figures/nearcom_hs_ERA5_91.jpg  used on input line 1
03.
(pdftex.def)             Requested size: 390.0pt x 234.00354pt.
<./figures/nearcom_ele_ERA5_91.jpg, id=12, 1505.625pt x 903.375pt>
File: ./figures/nearcom_ele_ERA5_91.jpg Graphic file (type jpg)
<use ./figures/nearcom_ele_ERA5_91.jpg>
Package pdftex.def Info: ./figures/nearcom_ele_ERA5_91.jpg  used on input line 
111.
(pdftex.def)             Requested size: 390.0pt x 234.00354pt.
<./figures/nearcom_hs_ERA5_133.jpg, id=13, 1505.625pt x 903.375pt>
File: ./figures/nearcom_hs_ERA5_133.jpg Graphic file (type jpg)
<use ./figures/nearcom_hs_ERA5_133.jpg>
Package pdftex.def Info: ./figures/nearcom_hs_ERA5_133.jpg  used on input line 
119.
(pdftex.def)             Requested size: 390.0pt x 234.00354pt.
<./figures/nearcom_ele_ERA5_133.jpg, id=14, 1505.625pt x 903.375pt>
File: ./figures/nearcom_ele_ERA5_133.jpg Graphic file (type jpg)
<use ./figures/nearcom_ele_ERA5_133.jpg>
Package pdftex.def Info: ./figures/nearcom_ele_ERA5_133.jpg  used on input line
 127.
(pdftex.def)             Requested size: 390.0pt x 234.00354pt.
<./figures/nearcom_wo_wave.pdf, id=15, 518.83766pt x 656.96602pt>
File: ./figures/nearcom_wo_wave.pdf Graphic file (type pdf)
<use ./figures/nearcom_wo_wave.pdf>
Package pdftex.def Info: ./figures/nearcom_wo_wave.pdf  used on input line 137.

(pdftex.def)             Requested size: 390.0pt x 493.84605pt.
<./figures/nearcom_hs.jpg, id=16, 1505.625pt x 1505.625pt>
File: ./figures/nearcom_hs.jpg Graphic file (type jpg)
<use ./figures/nearcom_hs.jpg>
Package pdftex.def Info: ./figures/nearcom_hs.jpg  used on input line 146.
(pdftex.def)             Requested size: 390.0pt x 390.0059pt.
<./figures/nearcom_eta_uv.jpg, id=17, 1505.625pt x 1505.625pt>
File: ./figures/nearcom_eta_uv.jpg Graphic file (type jpg)
<use ./figures/nearcom_eta_uv.jpg>
Package pdftex.def Info: ./figures/nearcom_eta_uv.jpg  used on input line 154.
(pdftex.def)             Requested size: 390.0pt x 390.0059pt.
<./figures/nearcom_flood.jpg, id=18, 1505.625pt x 1505.625pt>
File: ./figures/nearcom_flood.jpg Graphic file (type jpg)
<use ./figures/nearcom_flood.jpg>
Package pdftex.def Info: ./figures/nearcom_flood.jpg  used on input line 162.
(pdftex.def)             Requested size: 390.0pt x 390.0059pt.
<./figures/nearcom_bars.jpg, id=19, 1204.5pt x 752.8125pt>
File: ./figures/nearcom_bars.jpg Graphic file (type jpg)
<use ./figures/nearcom_bars.jpg>
Package pdftex.def Info: ./figures/nearcom_bars.jpg  used on input line 170.
(pdftex.def)             Requested size: 390.0pt x 243.7537pt.
<./figures/funwave_ERA5_eta.jpg, id=20, 1505.625pt x 1204.5pt>
File: ./figures/funwave_ERA5_eta.jpg Graphic file (type jpg)
<use ./figures/funwave_ERA5_eta.jpg>
Package pdftex.def Info: ./figures/funwave_ERA5_eta.jpg  used on input line 180
.
(pdftex.def)             Requested size: 390.0pt x 312.00473pt.
<./figures/funwave_SLR _eta.jpg, id=21, 1505.625pt x 1204.5pt>
File: ./figures/funwave_SLR _eta.jpg Graphic file (type jpg)
<use ./figures/funwave_SLR _eta.jpg>
Package pdftex.def Info: ./figures/funwave_SLR _eta.jpg  used on input line 188
.
(pdftex.def)             Requested size: 390.0pt x 312.00473pt.
<./figures/funwave_ERA5_hs.jpg, id=22, 1505.625pt x 1204.5pt>
File: ./figures/funwave_ERA5_hs.jpg Graphic file (type jpg)
<use ./figures/funwave_ERA5_hs.jpg>
Package pdftex.def Info: ./figures/funwave_ERA5_hs.jpg  used on input line 196.

(pdftex.def)             Requested size: 390.0pt x 312.00473pt.
<./figures/funwave_SLR_hs.jpg, id=23, 1505.625pt x 1204.5pt>
File: ./figures/funwave_SLR_hs.jpg Graphic file (type jpg)
<use ./figures/funwave_SLR_hs.jpg>
Package pdftex.def Info: ./figures/funwave_SLR_hs.jpg  used on input line 204.
(pdftex.def)             Requested size: 390.0pt x 312.00473pt.
<./figures/funwave_ERA5_setup.jpg, id=24, 1505.625pt x 1204.5pt>
File: ./figures/funwave_ERA5_setup.jpg Graphic file (type jpg)
<use ./figures/funwave_ERA5_setup.jpg>
Package pdftex.def Info: ./figures/funwave_ERA5_setup.jpg  used on input line 2
12.
(pdftex.def)             Requested size: 390.0pt x 312.00473pt.
<./figures/funwave_SLR_setup.jpg, id=25, 1505.625pt x 1204.5pt>
File: ./figures/funwave_SLR_setup.jpg Graphic file (type jpg)
<use ./figures/funwave_SLR_setup.jpg>
Package pdftex.def Info: ./figures/funwave_SLR_setup.jpg  used on input line 22
0.
(pdftex.def)             Requested size: 390.0pt x 312.00473pt.
<./figures/funwave_ERA5_vort.jpg, id=26, 1505.625pt x 1204.5pt>
File: ./figures/funwave_ERA5_vort.jpg Graphic file (type jpg)
<use ./figures/funwave_ERA5_vort.jpg>
Package pdftex.def Info: ./figures/funwave_ERA5_vort.jpg  used on input line 22
8.
(pdftex.def)             Requested size: 390.0pt x 312.00473pt.
<./figures/funwave_SLR_vort.jpg, id=27, 1505.625pt x 1204.5pt>
File: ./figures/funwave_SLR_vort.jpg Graphic file (type jpg)
<use ./figures/funwave_SLR_vort.jpg>
Package pdftex.def Info: ./figures/funwave_SLR_vort.jpg  used on input line 236
.
(pdftex.def)             Requested size: 390.0pt x 312.00473pt.
<./figures/funwave_hs_6_cases.jpg, id=28, 1505.625pt x 1505.625pt>
File: ./figures/funwave_hs_6_cases.jpg Graphic file (type jpg)
<use ./figures/funwave_hs_6_cases.jpg>
Package pdftex.def Info: ./figures/funwave_hs_6_cases.jpg  used on input line 2
44.
(pdftex.def)             Requested size: 390.0pt x 390.0059pt.
<./figures/funwave_setup_6_cases.jpg, id=29, 1505.625pt x 1204.5pt>
File: ./figures/funwave_setup_6_cases.jpg Graphic file (type jpg)
<use ./figures/funwave_setup_6_cases.jpg>
Package pdftex.def Info: ./figures/funwave_setup_6_cases.jpg  used on input lin
e 252.
(pdftex.def)             Requested size: 390.0pt x 312.00473pt.
<./figures/funwave_vort_6_cases.jpg, id=30, 1505.625pt x 1204.5pt>
File: ./figures/funwave_vort_6_cases.jpg Graphic file (type jpg)
<use ./figures/funwave_vort_6_cases.jpg>
Package pdftex.def Info: ./figures/funwave_vort_6_cases.jpg  used on input line
 260.
(pdftex.def)             Requested size: 390.0pt x 312.00473pt.

No file draft.bbl.

Overfull \hbox (2.61108pt too wide) has occurred while \output is active
[] 
 []

[1


{/usr/local/texlive/2021/texmf-var/fonts/map/pdftex/updmap/pdftex.map}]
[2 <./figures/nearcom_wave_flow.jpg>] [3 <./figures/nearcom_hs_ERA5_55.jpg> <./
figures/nearcom_ele_ERA5_55.jpg>] [4 <./figures/nearcom_hs_ERA5_91.jpg> <./figu
res/nearcom_ele_ERA5_91.jpg>] [5 <./figures/nearcom_hs_ERA5_133.jpg> <./figures
/nearcom_ele_ERA5_133.jpg>] [6 <./figures/nearcom_wo_wave.pdf>] [7 <./figures/n
earcom_hs.jpg>] [8 <./figures/nearcom_eta_uv.jpg>] [9 <./figures/nearcom_flood.
jpg>] [10 <./figures/nearcom_bars.jpg>] [11 <./figures/funwave_ERA5_eta.jpg>]
[12 <./figures/funwave_SLR _eta.jpg>] [13 <./figures/funwave_ERA5_hs.jpg>]
[14 <./figures/funwave_SLR_hs.jpg>] [15 <./figures/funwave_ERA5_setup.jpg>]
[16 <./figures/funwave_SLR_setup.jpg>] [17 <./figures/funwave_ERA5_vort.jpg>]
[18 <./figures/funwave_SLR_vort.jpg>] [19 <./figures/funwave_hs_6_cases.jpg>]
[20 <./figures/funwave_setup_6_cases.jpg>] [21 <./figures/funwave_vort_6_cases.
jpg>] (./draft.aux)

LaTeX Warning: There were multiply-defined labels.

Package rerunfilecheck Info: File `draft.out' has not changed.
(rerunfilecheck)             Checksum: 9814C2D956916ADB9290ECA4E25C967A;103.
 ) 
Here is how much of TeX's memory you used:
 10890 strings out of 478994
 158284 string characters out of 5858183
 458304 words of memory out of 5000000
 28130 multiletter control sequences out of 15000+600000
 412141 words of font info for 61 fonts, out of 8000000 for 9000
 1141 hyphenation exceptions out of 8191
 83i,6n,88p,212b,358s stack positions out of 5000i,500n,10000p,200000b,80000s
</usr/local/texlive/2021/texmf-dist/fonts/type1/public/amsfonts/cm/cmbx12.pfb
></usr/local/texlive/2021/texmf-dist/fonts/type1/public/amsfonts/cm/cmr10.pfb><
/usr/local/texlive/2021/texmf-dist/fonts/type1/public/amsfonts/cm/cmr12.pfb></u
sr/local/texlive/2021/texmf-dist/fonts/type1/public/amsfonts/cm/cmr17.pfb></usr
/local/texlive/2021/texmf-dist/fonts/type1/public/amsfonts/cm/cmr8.pfb></usr/lo
cal/texlive/2021/texmf-dist/fonts/type1/public/amsfonts/cm/cmti10.pfb></usr/loc
al/texlive/2021/texmf-dist/fonts/type1/public/amsfonts/cm/cmti12.pfb></usr/loca
l/texlive/2021/texmf-dist/fonts/type1/public/amsfonts/cm/cmti7.pfb>
Output written on draft.pdf (21 pages, 18751199 bytes).
PDF statistics:
 197 PDF objects out of 1000 (max. 8388607)
 138 compressed objects within 2 object streams
 47 named destinations out of 1000 (max. 500000)
 124 words of extra memory for PDF output out of 10000 (max. 10000000)

